<?xml version="1.0"?>
<!DOCTYPE coverage SYSTEM "http://cobertura.sourceforge.net/xml/coverage-04.dtd">
<coverage 
line-rate="0.63" lines-valid="115" lines-covered="72" branches-valid="0" branches-covered="0" branch-rate="1.00" complexity="0" version="1.0" timestamp="1533295443447">
    <sources>
        <source>--source</source>
        <source>/home/knoldus/IdeaProjects/akka_day2_assginment/src/main/scala</source>
    </sources>
    <packages>
        <package name="com.knoldus.actor" line-rate="0.90" branch-rate="1.00" complexity="0">
            <classes>
                <class 
                name="com.knoldus.actor.TweetWorker" filename="com/knoldus/actor/TweetWorker.scala" line-rate="1.00" branch-rate="1.00" complexity="0">
                    <methods>
                        <method 
                        name="com.knoldus.actor/TweetWorker/&lt;none&gt;" signature="()V" line-rate="1.00" branch-rate="1.00" complexity="0">
                            <lines>
                                <line number="11" hits="1" branch="false"/>
                                <line number="11" hits="1" branch="false"/>
                                <line number="11" hits="1" branch="false"/>
                                <line number="13" hits="1" branch="false"/>
                                <line number="12" hits="1" branch="false"/>
                                <line number="11" hits="1" branch="false"/>
                            </lines>
</method>
                        <method 
                        name="com.knoldus.actor/TweetWorker/receive" signature="()V" line-rate="1.00" branch-rate="1.00" complexity="0">
                            <lines>
                                <line number="25" hits="1" branch="false"/>
                                <line number="21" hits="1" branch="false"/>
                                <line number="18" hits="1" branch="false"/>
                                <line number="18" hits="1" branch="false"/>
                                <line number="17" hits="1" branch="false"/>
                                <line number="22" hits="1" branch="false"/>
                                <line number="20" hits="1" branch="false"/>
                                <line number="21" hits="1" branch="false"/>
                                <line number="17" hits="1" branch="false"/>
                                <line number="18" hits="1" branch="false"/>
                                <line number="14" hits="1" branch="false"/>
                                <line number="22" hits="1" branch="false"/>
                                <line number="22" hits="1" branch="false"/>
                                <line number="21" hits="1" branch="false"/>
                                <line number="16" hits="1" branch="false"/>
                                <line number="17" hits="1" branch="false"/>
                                <line number="18" hits="1" branch="false"/>
                                <line number="22" hits="1" branch="false"/>
                                <line number="18" hits="1" branch="false"/>
                                <line number="22" hits="1" branch="false"/>
                                <line number="21" hits="1" branch="false"/>
                                <line number="22" hits="1" branch="false"/>
                                <line number="21" hits="1" branch="false"/>
                                <line number="22" hits="1" branch="false"/>
                                <line number="18" hits="1" branch="false"/>
                                <line number="17" hits="1" branch="false"/>
                                <line number="16" hits="1" branch="false"/>
                                <line number="25" hits="1" branch="false"/>
                                <line number="25" hits="1" branch="false"/>
                                <line number="22" hits="1" branch="false"/>
                                <line number="18" hits="1" branch="false"/>
                                <line number="20" hits="1" branch="false"/>
                                <line number="17" hits="1" branch="false"/>
                                <line number="21" hits="1" branch="false"/>
                                <line number="17" hits="1" branch="false"/>
                                <line number="21" hits="1" branch="false"/>
                                <line number="22" hits="1" branch="false"/>
                                <line number="25" hits="1" branch="false"/>
                                <line number="21" hits="1" branch="false"/>
                                <line number="18" hits="1" branch="false"/>
                                <line number="20" hits="1" branch="false"/>
                                <line number="22" hits="1" branch="false"/>
                                <line number="17" hits="1" branch="false"/>
                                <line number="21" hits="1" branch="false"/>
                                <line number="18" hits="1" branch="false"/>
                                <line number="24" hits="1" branch="false"/>
                                <line number="16" hits="1" branch="false"/>
                                <line number="17" hits="1" branch="false"/>
                                <line number="22" hits="1" branch="false"/>
                                <line number="18" hits="1" branch="false"/>
                                <line number="18" hits="1" branch="false"/>
                                <line number="17" hits="1" branch="false"/>
                            </lines>
</method>
                    </methods>
                    <lines>
                        <line number="11" hits="1" branch="false"/>
                        <line number="25" hits="1" branch="false"/>
                        <line number="21" hits="1" branch="false"/>
                        <line number="18" hits="1" branch="false"/>
                        <line number="18" hits="1" branch="false"/>
                        <line number="17" hits="1" branch="false"/>
                        <line number="22" hits="1" branch="false"/>
                        <line number="20" hits="1" branch="false"/>
                        <line number="21" hits="1" branch="false"/>
                        <line number="17" hits="1" branch="false"/>
                        <line number="18" hits="1" branch="false"/>
                        <line number="11" hits="1" branch="false"/>
                        <line number="14" hits="1" branch="false"/>
                        <line number="22" hits="1" branch="false"/>
                        <line number="22" hits="1" branch="false"/>
                        <line number="21" hits="1" branch="false"/>
                        <line number="16" hits="1" branch="false"/>
                        <line number="17" hits="1" branch="false"/>
                        <line number="18" hits="1" branch="false"/>
                        <line number="22" hits="1" branch="false"/>
                        <line number="18" hits="1" branch="false"/>
                        <line number="22" hits="1" branch="false"/>
                        <line number="21" hits="1" branch="false"/>
                        <line number="22" hits="1" branch="false"/>
                        <line number="21" hits="1" branch="false"/>
                        <line number="22" hits="1" branch="false"/>
                        <line number="18" hits="1" branch="false"/>
                        <line number="17" hits="1" branch="false"/>
                        <line number="16" hits="1" branch="false"/>
                        <line number="25" hits="1" branch="false"/>
                        <line number="25" hits="1" branch="false"/>
                        <line number="22" hits="1" branch="false"/>
                        <line number="18" hits="1" branch="false"/>
                        <line number="20" hits="1" branch="false"/>
                        <line number="11" hits="1" branch="false"/>
                        <line number="17" hits="1" branch="false"/>
                        <line number="21" hits="1" branch="false"/>
                        <line number="17" hits="1" branch="false"/>
                        <line number="13" hits="1" branch="false"/>
                        <line number="21" hits="1" branch="false"/>
                        <line number="22" hits="1" branch="false"/>
                        <line number="25" hits="1" branch="false"/>
                        <line number="21" hits="1" branch="false"/>
                        <line number="18" hits="1" branch="false"/>
                        <line number="20" hits="1" branch="false"/>
                        <line number="22" hits="1" branch="false"/>
                        <line number="12" hits="1" branch="false"/>
                        <line number="17" hits="1" branch="false"/>
                        <line number="21" hits="1" branch="false"/>
                        <line number="18" hits="1" branch="false"/>
                        <line number="24" hits="1" branch="false"/>
                        <line number="16" hits="1" branch="false"/>
                        <line number="17" hits="1" branch="false"/>
                        <line number="22" hits="1" branch="false"/>
                        <line number="18" hits="1" branch="false"/>
                        <line number="18" hits="1" branch="false"/>
                        <line number="11" hits="1" branch="false"/>
                        <line number="17" hits="1" branch="false"/>
                    </lines>
</class>
                <class 
                name="com.knoldus.actor.TweetRouter" filename="com/knoldus/actor/TweetRouter.scala" line-rate="0.64" branch-rate="1.00" complexity="0">
                    <methods>
                        <method 
                        name="com.knoldus.actor/TweetRouter/receive" signature="()V" line-rate="0.38" branch-rate="1.00" complexity="0">
                            <lines>
                                <line number="26" hits="0" branch="false"/>
                                <line number="23" hits="1" branch="false"/>
                                <line number="28" hits="0" branch="false"/>
                                <line number="25" hits="0" branch="false"/>
                                <line number="22" hits="1" branch="false"/>
                                <line number="21" hits="1" branch="false"/>
                                <line number="26" hits="0" branch="false"/>
                                <line number="23" hits="1" branch="false"/>
                                <line number="28" hits="0" branch="false"/>
                                <line number="27" hits="0" branch="false"/>
                                <line number="29" hits="0" branch="false"/>
                                <line number="23" hits="1" branch="false"/>
                                <line number="25" hits="0" branch="false"/>
                            </lines>
</method>
                        <method 
                        name="com.knoldus.actor/TweetRouter/&lt;none&gt;" signature="()V" line-rate="1.00" branch-rate="1.00" complexity="0">
                            <lines>
                                <line number="19" hits="1" branch="false"/>
                                <line number="14" hits="1" branch="false"/>
                                <line number="16" hits="1" branch="false"/>
                                <line number="15" hits="1" branch="false"/>
                                <line number="14" hits="1" branch="false"/>
                                <line number="12" hits="1" branch="false"/>
                                <line number="19" hits="1" branch="false"/>
                                <line number="15" hits="1" branch="false"/>
                                <line number="17" hits="1" branch="false"/>
                            </lines>
</method>
                    </methods>
                    <lines>
                        <line number="19" hits="1" branch="false"/>
                        <line number="26" hits="0" branch="false"/>
                        <line number="23" hits="1" branch="false"/>
                        <line number="28" hits="0" branch="false"/>
                        <line number="14" hits="1" branch="false"/>
                        <line number="16" hits="1" branch="false"/>
                        <line number="25" hits="0" branch="false"/>
                        <line number="22" hits="1" branch="false"/>
                        <line number="15" hits="1" branch="false"/>
                        <line number="21" hits="1" branch="false"/>
                        <line number="26" hits="0" branch="false"/>
                        <line number="14" hits="1" branch="false"/>
                        <line number="23" hits="1" branch="false"/>
                        <line number="12" hits="1" branch="false"/>
                        <line number="28" hits="0" branch="false"/>
                        <line number="19" hits="1" branch="false"/>
                        <line number="27" hits="0" branch="false"/>
                        <line number="29" hits="0" branch="false"/>
                        <line number="15" hits="1" branch="false"/>
                        <line number="23" hits="1" branch="false"/>
                        <line number="25" hits="0" branch="false"/>
                        <line number="17" hits="1" branch="false"/>
                    </lines>
</class>
            </classes>
        </package>
        <package name="com.knoldus.app" line-rate="0.00" branch-rate="0.00" complexity="0">
            <classes>
                <class 
                name="com.knoldus.app.TwitterStreamApp" filename="com/knoldus/app/TwitterStreamApp.scala" line-rate="0.00" branch-rate="0.00" complexity="0">
                    <methods>
                        <method 
                        name="com.knoldus.app/TwitterStreamApp/&lt;none&gt;" signature="()V" line-rate="0.00" branch-rate="0.00" complexity="0">
                            <lines>
                                <line number="23" hits="0" branch="false"/>
                                <line number="26" hits="0" branch="false"/>
                                <line number="18" hits="0" branch="false"/>
                                <line number="28" hits="0" branch="false"/>
                                <line number="23" hits="0" branch="false"/>
                                <line number="27" hits="0" branch="false"/>
                                <line number="20" hits="0" branch="false"/>
                                <line number="29" hits="0" branch="false"/>
                                <line number="22" hits="0" branch="false"/>
                                <line number="23" hits="0" branch="false"/>
                                <line number="27" hits="0" branch="false"/>
                                <line number="27" hits="0" branch="false"/>
                                <line number="27" hits="0" branch="false"/>
                                <line number="20" hits="0" branch="false"/>
                                <line number="23" hits="0" branch="false"/>
                                <line number="17" hits="0" branch="false"/>
                                <line number="28" hits="0" branch="false"/>
                                <line number="20" hits="0" branch="false"/>
                                <line number="23" hits="0" branch="false"/>
                                <line number="26" hits="0" branch="false"/>
                                <line number="28" hits="0" branch="false"/>
                                <line number="23" hits="0" branch="false"/>
                                <line number="21" hits="0" branch="false"/>
                                <line number="20" hits="0" branch="false"/>
                                <line number="23" hits="0" branch="false"/>
                                <line number="27" hits="0" branch="false"/>
                                <line number="27" hits="0" branch="false"/>
                                <line number="20" hits="0" branch="false"/>
                                <line number="23" hits="0" branch="false"/>
                                <line number="15" hits="0" branch="false"/>
                                <line number="28" hits="0" branch="false"/>
                                <line number="20" hits="0" branch="false"/>
                                <line number="23" hits="0" branch="false"/>
                                <line number="26" hits="0" branch="false"/>
                                <line number="28" hits="0" branch="false"/>
                            </lines>
</method>
                    </methods>
                    <lines>
                        <line number="23" hits="0" branch="false"/>
                        <line number="26" hits="0" branch="false"/>
                        <line number="18" hits="0" branch="false"/>
                        <line number="28" hits="0" branch="false"/>
                        <line number="23" hits="0" branch="false"/>
                        <line number="27" hits="0" branch="false"/>
                        <line number="20" hits="0" branch="false"/>
                        <line number="29" hits="0" branch="false"/>
                        <line number="22" hits="0" branch="false"/>
                        <line number="23" hits="0" branch="false"/>
                        <line number="27" hits="0" branch="false"/>
                        <line number="27" hits="0" branch="false"/>
                        <line number="27" hits="0" branch="false"/>
                        <line number="20" hits="0" branch="false"/>
                        <line number="23" hits="0" branch="false"/>
                        <line number="17" hits="0" branch="false"/>
                        <line number="28" hits="0" branch="false"/>
                        <line number="20" hits="0" branch="false"/>
                        <line number="23" hits="0" branch="false"/>
                        <line number="26" hits="0" branch="false"/>
                        <line number="28" hits="0" branch="false"/>
                        <line number="23" hits="0" branch="false"/>
                        <line number="21" hits="0" branch="false"/>
                        <line number="20" hits="0" branch="false"/>
                        <line number="23" hits="0" branch="false"/>
                        <line number="27" hits="0" branch="false"/>
                        <line number="27" hits="0" branch="false"/>
                        <line number="20" hits="0" branch="false"/>
                        <line number="23" hits="0" branch="false"/>
                        <line number="15" hits="0" branch="false"/>
                        <line number="28" hits="0" branch="false"/>
                        <line number="20" hits="0" branch="false"/>
                        <line number="23" hits="0" branch="false"/>
                        <line number="26" hits="0" branch="false"/>
                        <line number="28" hits="0" branch="false"/>
                    </lines>
</class>
            </classes>
        </package>
    </packages>
</coverage>
